<?xml version="1.0" encoding="UTF-8"?>
<coverage generated="1687380657499" clover="3.2.0">
  <project timestamp="1687380657499" name="All files">
    <metrics statements="9" coveredstatements="7" conditionals="2" coveredconditionals="2" methods="2" coveredmethods="0" elements="13" coveredelements="9" complexity="0" loc="9" ncloc="9" packages="1" files="2" classes="2"/>
    <file name="holamundo.js" path="C:\Users\click.office\Desktop\github-ci-demo\holamundo.js">
      <metrics statements="5" coveredstatements="4" conditionals="0" coveredconditionals="0" methods="1" coveredmethods="0"/>
      <line num="1" count="1" type="stmt"/>
      <line num="2" count="1" type="stmt"/>
      <line num="4" count="1" type="stmt"/>
      <line num="5" count="0" type="stmt"/>
      <line num="8" count="1" type="stmt"/>
    </file>
    <file name="index.js" path="C:\Users\click.office\Desktop\github-ci-demo\index.js">
      <metrics statements="4" coveredstatements="3" conditionals="2" coveredconditionals="2" methods="1" coveredmethods="0"/>
      <line num="1" count="1" type="stmt"/>
      <line num="3" count="1" type="cond" truecount="2" falsecount="0"/>
      <line num="5" count="1" type="stmt"/>
      <line num="6" count="0" type="stmt"/>
    </file>
  </project>
</coverage>
